<?xml version="1.0" encoding="UTF-8"?>
<testng-results skipped="0" failed="0" ignored="0" total="2" passed="2">
  <reporter-output>
  </reporter-output>
  <suite name="Default suite" duration-ms="55" started-at="2022-08-23T17:47:04Z" finished-at="2022-08-23T17:47:04Z">
    <groups>
    </groups>
    <test name="Default test" duration-ms="55" started-at="2022-08-23T17:47:04Z" finished-at="2022-08-23T17:47:04Z">
      <class name="demo.TestNGIgnoreDemo">
        <test-method status="PASS" signature="test1()[pri:0, instance:demo.TestNGIgnoreDemo@1b083826]" name="test1" duration-ms="13" started-at="2022-08-23T17:47:04Z" finished-at="2022-08-23T17:47:04Z">
          <reporter-output>
          </reporter-output>
        </test-method> <!-- test1 -->
        <test-method status="PASS" signature="test2()[pri:0, instance:demo.TestNGIgnoreDemo@1b083826]" name="test2" duration-ms="2" started-at="2022-08-23T17:47:04Z" finished-at="2022-08-23T17:47:04Z">
          <reporter-output>
          </reporter-output>
        </test-method> <!-- test2 -->
      </class> <!-- demo.TestNGIgnoreDemo -->
    </test> <!-- Default test -->
  </suite> <!-- Default suite -->
</testng-results>
